{
  service: 'user-service',
  level: 'error',
  message: 'Failed to database connection The `uri` parameter to `openUri()` must be a string, got "undefined". Make sure the first parameter to `mongoose.connect()` or `mongoose.createConnection()` is a string.',
  stack: 'MongooseError: The `uri` parameter to `openUri()` must be a string, got "undefined". Make sure the first parameter to `mongoose.connect()` or `mongoose.createConnection()` is a string.\n' +
    '    at _createMongoClient (C:\\Users\\WALTON\\Desktop\\lebel_2_assignment\\digital-caw-hat\\node_modules\\mongoose\\lib\\connection.js:805:11)\n' +
    '    at NativeConnection.openUri (C:\\Users\\WALTON\\Desktop\\lebel_2_assignment\\digital-caw-hat\\node_modules\\mongoose\\lib\\connection.js:742:29)\n' +
    '    at Mongoose.connect (C:\\Users\\WALTON\\Desktop\\lebel_2_assignment\\digital-caw-hat\\node_modules\\mongoose\\lib\\index.js:406:15)\n' +
    '    at C:\\Users\\WALTON\\Desktop\\lebel_2_assignment\\digital-caw-hat\\src\\server.ts:16:20\n' +
    '    at Generator.next (<anonymous>)\n' +
    '    at C:\\Users\\WALTON\\Desktop\\lebel_2_assignment\\digital-caw-hat\\src\\server.ts:8:71\n' +
    '    at new Promise (<anonymous>)\n' +
    '    at __awaiter (C:\\Users\\WALTON\\Desktop\\lebel_2_assignment\\digital-caw-hat\\src\\server.ts:4:12)\n' +
    '    at bootstrap (C:\\Users\\WALTON\\Desktop\\lebel_2_assignment\\digital-caw-hat\\src\\server.ts:25:12)\n' +
    '    at Object.<anonymous> (C:\\Users\\WALTON\\Desktop\\lebel_2_assignment\\digital-caw-hat\\src\\server.ts:38:1)',
  label: 'CH',
  timestamp: '2023-06-16T02:14:30.002Z'
}
{
  service: 'user-service',
  level: 'error',
  message: 'Failed to database connection The `uri` parameter to `openUri()` must be a string, got "undefined". Make sure the first parameter to `mongoose.connect()` or `mongoose.createConnection()` is a string.',
  stack: 'MongooseError: The `uri` parameter to `openUri()` must be a string, got "undefined". Make sure the first parameter to `mongoose.connect()` or `mongoose.createConnection()` is a string.\n' +
    '    at _createMongoClient (C:\\Users\\WALTON\\Desktop\\lebel_2_assignment\\digital-caw-hat\\node_modules\\mongoose\\lib\\connection.js:805:11)\n' +
    '    at NativeConnection.openUri (C:\\Users\\WALTON\\Desktop\\lebel_2_assignment\\digital-caw-hat\\node_modules\\mongoose\\lib\\connection.js:742:29)\n' +
    '    at Mongoose.connect (C:\\Users\\WALTON\\Desktop\\lebel_2_assignment\\digital-caw-hat\\node_modules\\mongoose\\lib\\index.js:406:15)\n' +
    '    at C:\\Users\\WALTON\\Desktop\\lebel_2_assignment\\digital-caw-hat\\src\\server.ts:16:20\n' +
    '    at Generator.next (<anonymous>)\n' +
    '    at C:\\Users\\WALTON\\Desktop\\lebel_2_assignment\\digital-caw-hat\\src\\server.ts:8:71\n' +
    '    at new Promise (<anonymous>)\n' +
    '    at __awaiter (C:\\Users\\WALTON\\Desktop\\lebel_2_assignment\\digital-caw-hat\\src\\server.ts:4:12)\n' +
    '    at bootstrap (C:\\Users\\WALTON\\Desktop\\lebel_2_assignment\\digital-caw-hat\\src\\server.ts:25:12)\n' +
    '    at Object.<anonymous> (C:\\Users\\WALTON\\Desktop\\lebel_2_assignment\\digital-caw-hat\\src\\server.ts:38:1)',
  label: 'CH',
  timestamp: '2023-06-16T02:14:42.187Z'
}
